This file contains any messages produced by compilers while
running configure, to aid debugging if configure makes a mistake.

It was created by lntconfig configure 1.0, which was
generated by GNU Autoconf 2.68.  Invocation command line was

  $ ./configure CFLAGS=-fPIC --no-create --no-recursion

## --------- ##
## Platform. ##
## --------- ##

hostname = lnt7
uname -m = x86_64
uname -r = 3.2.0-89-generic
uname -s = Linux
uname -v = #127-Ubuntu SMP Tue Jul 28 09:28:15 UTC 2015

/usr/bin/uname -p = unknown
/bin/uname -X     = unknown

/bin/arch              = unknown
/usr/bin/arch -k       = unknown
/usr/convex/getsysinfo = unknown
/usr/bin/hostinfo      = unknown
/bin/machine           = unknown
/usr/bin/oslevel       = unknown
/bin/universe          = unknown

PATH: /usr/local/arm_linux_4.2/bin
PATH: /usr/bin/jdk1.6.0_38/bin
PATH: /usr/bin/jdk1.6.0_38/jre/bin
PATH: /usr/local/arm_linux_4.2/bin
PATH: /usr/local/sbin
PATH: /usr/local/bin
PATH: /usr/sbin
PATH: /usr/bin
PATH: /sbin
PATH: /bin
PATH: /usr/games
PATH: /home/hf/bin


## ----------- ##
## Core tests. ##
## ----------- ##

configure:2225: checking for a BSD-compatible install
configure:2293: result: /usr/bin/install -c
configure:2304: checking whether build environment is sane
configure:2354: result: yes
configure:2495: checking for a thread-safe mkdir -p
configure:2534: result: /bin/mkdir -p
configure:2547: checking for gawk
configure:2577: result: no
configure:2547: checking for mawk
configure:2563: found /usr/bin/mawk
configure:2574: result: mawk
configure:2585: checking whether make sets $(MAKE)
configure:2607: result: yes
configure:2740: checking for gcc
configure:2756: found /usr/bin/gcc
configure:2767: result: gcc
configure:2996: checking for C compiler version
configure:3005: gcc --version >&5
gcc (Ubuntu/Linaro 4.6.3-1ubuntu5) 4.6.3
Copyright (C) 2011 Free Software Foundation, Inc.
This is free software; see the source for copying conditions.  There is NO
warranty; not even for MERCHANTABILITY or FITNESS FOR A PARTICULAR PURPOSE.

configure:3016: $? = 0
configure:3005: gcc -v >&5
Using built-in specs.
COLLECT_GCC=gcc
COLLECT_LTO_WRAPPER=/usr/lib/gcc/x86_64-linux-gnu/4.6/lto-wrapper
Target: x86_64-linux-gnu
Configured with: ../src/configure -v --with-pkgversion='Ubuntu/Linaro 4.6.3-1ubuntu5' --with-bugurl=file:///usr/share/doc/gcc-4.6/README.Bugs --enable-languages=c,c++,fortran,objc,obj-c++ --prefix=/usr --program-suffix=-4.6 --enable-shared --enable-linker-build-id --with-system-zlib --libexecdir=/usr/lib --without-included-gettext --enable-threads=posix --with-gxx-include-dir=/usr/include/c++/4.6 --libdir=/usr/lib --enable-nls --with-sysroot=/ --enable-clocale=gnu --enable-libstdcxx-debug --enable-libstdcxx-time=yes --enable-gnu-unique-object --enable-plugin --enable-objc-gc --disable-werror --with-arch-32=i686 --with-tune=generic --enable-checking=release --build=x86_64-linux-gnu --host=x86_64-linux-gnu --target=x86_64-linux-gnu
Thread model: posix
gcc version 4.6.3 (Ubuntu/Linaro 4.6.3-1ubuntu5) 
configure:3016: $? = 0
configure:3005: gcc -V >&5
gcc: error: unrecognized option '-V'
gcc: fatal error: no input files
compilation terminated.
configure:3016: $? = 4
configure:3005: gcc -qversion >&5
gcc: error: unrecognized option '-qversion'
gcc: fatal error: no input files
compilation terminated.
configure:3016: $? = 4
configure:3036: checking whether the C compiler works
configure:3058: gcc -fPIC   conftest.c  >&5
configure:3062: $? = 0
configure:3110: result: yes
configure:3113: checking for C compiler default output file name
configure:3115: result: a.out
configure:3121: checking for suffix of executables
configure:3128: gcc -o conftest -fPIC   conftest.c  >&5
configure:3132: $? = 0
configure:3154: result: 
configure:3176: checking whether we are cross compiling
configure:3184: gcc -o conftest -fPIC   conftest.c  >&5
configure:3188: $? = 0
configure:3195: ./conftest
configure:3199: $? = 0
configure:3214: result: no
configure:3219: checking for suffix of object files
configure:3241: gcc -c -fPIC  conftest.c >&5
configure:3245: $? = 0
configure:3266: result: o
configure:3270: checking whether we are using the GNU C compiler
configure:3289: gcc -c -fPIC  conftest.c >&5
configure:3289: $? = 0
configure:3298: result: yes
configure:3307: checking whether gcc accepts -g
configure:3327: gcc -c -g  conftest.c >&5
configure:3327: $? = 0
configure:3368: result: yes
configure:3385: checking for gcc option to accept ISO C89
configure:3449: gcc  -c -fPIC  conftest.c >&5
configure:3449: $? = 0
configure:3462: result: none needed
configure:3493: checking for style of include used by make
configure:3521: result: GNU
configure:3547: checking dependency style of gcc
configure:3658: result: gcc3
configure:3702: checking build system type
configure:3716: result: x86_64-unknown-linux-gnu
configure:3736: checking host system type
configure:3749: result: x86_64-unknown-linux-gnu
configure:3790: checking how to print strings
configure:3817: result: printf
configure:3838: checking for a sed that does not truncate output
configure:3902: result: /bin/sed
configure:3920: checking for grep that handles long lines and -e
configure:3978: result: /bin/grep
configure:3983: checking for egrep
configure:4045: result: /bin/grep -E
configure:4050: checking for fgrep
configure:4112: result: /bin/grep -F
configure:4147: checking for ld used by gcc
configure:4214: result: /usr/bin/ld
configure:4221: checking if the linker (/usr/bin/ld) is GNU ld
configure:4236: result: yes
configure:4248: checking for BSD- or MS-compatible name lister (nm)
configure:4297: result: /usr/bin/nm -B
configure:4427: checking the name lister (/usr/bin/nm -B) interface
configure:4434: gcc -c -fPIC  conftest.c >&5
configure:4437: /usr/bin/nm -B "conftest.o"
configure:4440: output
0000000000000000 B some_variable
configure:4447: result: BSD nm
configure:4450: checking whether ln -s works
configure:4454: result: yes
configure:4462: checking the maximum length of command line arguments
configure:4592: result: 3458764513820540925
configure:4609: checking whether the shell understands some XSI constructs
configure:4619: result: yes
configure:4623: checking whether the shell understands "+="
configure:4629: result: yes
configure:4664: checking how to convert x86_64-unknown-linux-gnu file names to x86_64-unknown-linux-gnu format
configure:4704: result: func_convert_file_noop
configure:4711: checking how to convert x86_64-unknown-linux-gnu file names to toolchain format
configure:4731: result: func_convert_file_noop
configure:4738: checking for /usr/bin/ld option to reload object files
configure:4745: result: -r
configure:4819: checking for objdump
configure:4835: found /usr/bin/objdump
configure:4846: result: objdump
configure:4878: checking how to recognize dependent libraries
configure:5080: result: pass_all
configure:5165: checking for dlltool
configure:5195: result: no
configure:5225: checking how to associate runtime and link libraries
configure:5252: result: printf %s\n
configure:5313: checking for ar
configure:5329: found /usr/bin/ar
configure:5340: result: ar
configure:5377: checking for archiver @FILE support
configure:5394: gcc -c -fPIC  conftest.c >&5
configure:5394: $? = 0
configure:5397: ar cru libconftest.a @conftest.lst >&5
configure:5400: $? = 0
configure:5405: ar cru libconftest.a @conftest.lst >&5
ar: conftest.o: No such file or directory
configure:5408: $? = 1
configure:5420: result: @
configure:5478: checking for strip
configure:5494: found /usr/bin/strip
configure:5505: result: strip
configure:5577: checking for ranlib
configure:5593: found /usr/bin/ranlib
configure:5604: result: ranlib
configure:5706: checking command to parse /usr/bin/nm -B output from gcc object
configure:5826: gcc -c -fPIC  conftest.c >&5
configure:5829: $? = 0
configure:5833: /usr/bin/nm -B conftest.o \| sed -n -e 's/^.*[ ]\([ABCDGIRSTW][ABCDGIRSTW]*\)[ ][ ]*\([_A-Za-z][_A-Za-z0-9]*\)$/\1 \2 \2/p' | sed '/ __gnu_lto/d' \> conftest.nm
configure:5836: $? = 0
configure:5902: gcc -o conftest -fPIC   conftest.c conftstm.o >&5
configure:5905: $? = 0
configure:5943: result: ok
configure:5980: checking for sysroot
configure:6010: result: no
configure:6087: gcc -c -fPIC  conftest.c >&5
configure:6090: $? = 0
configure:6266: checking for mt
configure:6282: found /bin/mt
configure:6293: result: mt
configure:6316: checking if mt is a manifest tool
configure:6322: mt '-?'
configure:6330: result: no
configure:6972: checking how to run the C preprocessor
configure:7003: gcc -E  conftest.c
configure:7003: $? = 0
configure:7017: gcc -E  conftest.c
conftest.c:11:28: fatal error: ac_nonexistent.h: No such file or directory
compilation terminated.
configure:7017: $? = 1
configure: failed program was:
| /* confdefs.h */
| #define PACKAGE_NAME "lntconfig"
| #define PACKAGE_TARNAME "lntconfig"
| #define PACKAGE_VERSION "1.0"
| #define PACKAGE_STRING "lntconfig 1.0"
| #define PACKAGE_BUGREPORT "fremaks@163.com"
| #define PACKAGE_URL ""
| #define PACKAGE "lntconfig"
| #define VERSION "1.0"
| /* end confdefs.h.  */
| #include <ac_nonexistent.h>
configure:7042: result: gcc -E
configure:7062: gcc -E  conftest.c
configure:7062: $? = 0
configure:7076: gcc -E  conftest.c
conftest.c:11:28: fatal error: ac_nonexistent.h: No such file or directory
compilation terminated.
configure:7076: $? = 1
configure: failed program was:
| /* confdefs.h */
| #define PACKAGE_NAME "lntconfig"
| #define PACKAGE_TARNAME "lntconfig"
| #define PACKAGE_VERSION "1.0"
| #define PACKAGE_STRING "lntconfig 1.0"
| #define PACKAGE_BUGREPORT "fremaks@163.com"
| #define PACKAGE_URL ""
| #define PACKAGE "lntconfig"
| #define VERSION "1.0"
| /* end confdefs.h.  */
| #include <ac_nonexistent.h>
configure:7105: checking for ANSI C header files
configure:7125: gcc -c -fPIC  conftest.c >&5
configure:7125: $? = 0
configure:7198: gcc -o conftest -fPIC   conftest.c  >&5
configure:7198: $? = 0
configure:7198: ./conftest
configure:7198: $? = 0
configure:7209: result: yes
configure:7222: checking for sys/types.h
configure:7222: gcc -c -fPIC  conftest.c >&5
configure:7222: $? = 0
configure:7222: result: yes
configure:7222: checking for sys/stat.h
configure:7222: gcc -c -fPIC  conftest.c >&5
configure:7222: $? = 0
configure:7222: result: yes
configure:7222: checking for stdlib.h
configure:7222: gcc -c -fPIC  conftest.c >&5
configure:7222: $? = 0
configure:7222: result: yes
configure:7222: checking for string.h
configure:7222: gcc -c -fPIC  conftest.c >&5
configure:7222: $? = 0
configure:7222: result: yes
configure:7222: checking for memory.h
configure:7222: gcc -c -fPIC  conftest.c >&5
configure:7222: $? = 0
configure:7222: result: yes
configure:7222: checking for strings.h
configure:7222: gcc -c -fPIC  conftest.c >&5
configure:7222: $? = 0
configure:7222: result: yes
configure:7222: checking for inttypes.h
configure:7222: gcc -c -fPIC  conftest.c >&5
configure:7222: $? = 0
configure:7222: result: yes
configure:7222: checking for stdint.h
configure:7222: gcc -c -fPIC  conftest.c >&5
configure:7222: $? = 0
configure:7222: result: yes
configure:7222: checking for unistd.h
configure:7222: gcc -c -fPIC  conftest.c >&5
configure:7222: $? = 0
configure:7222: result: yes
configure:7236: checking for dlfcn.h
configure:7236: gcc -c -fPIC  conftest.c >&5
configure:7236: $? = 0
configure:7236: result: yes
configure:7442: checking for objdir
configure:7457: result: .libs
configure:7724: checking if gcc supports -fno-rtti -fno-exceptions
configure:7742: gcc -c -fPIC  -fno-rtti -fno-exceptions conftest.c >&5
cc1: warning: command line option '-fno-rtti' is valid for C++/ObjC++ but not for C [enabled by default]
configure:7746: $? = 0
configure:7759: result: no
configure:8086: checking for gcc option to produce PIC
configure:8093: result: -fPIC -DPIC
configure:8101: checking if gcc PIC flag -fPIC -DPIC works
configure:8119: gcc -c -fPIC  -fPIC -DPIC -DPIC conftest.c >&5
configure:8123: $? = 0
configure:8136: result: yes
configure:8165: checking if gcc static flag -static works
configure:8193: result: yes
configure:8208: checking if gcc supports -c -o file.o
configure:8229: gcc -c -fPIC  -o out/conftest2.o conftest.c >&5
configure:8233: $? = 0
configure:8255: result: yes
configure:8263: checking if gcc supports -c -o file.o
configure:8310: result: yes
configure:8343: checking whether the gcc linker (/usr/bin/ld -m elf_x86_64) supports shared libraries
configure:9500: result: yes
configure:9537: checking whether -lc should be explicitly linked in
configure:9545: gcc -c -fPIC  conftest.c >&5
configure:9548: $? = 0
configure:9563: gcc -shared  -fPIC -DPIC conftest.o  -v -Wl,-soname -Wl,conftest -o conftest 2\>\&1 \| /bin/grep  -lc  \>/dev/null 2\>\&1
configure:9566: $? = 0
configure:9580: result: no
configure:9740: checking dynamic linker characteristics
configure:10251: gcc -o conftest -fPIC   -Wl,-rpath -Wl,/foo conftest.c  >&5
configure:10251: $? = 0
configure:10485: result: GNU/Linux ld.so
configure:10592: checking how to hardcode library paths into programs
configure:10617: result: immediate
configure:11157: checking whether stripping libraries is possible
configure:11162: result: yes
configure:11197: checking if libtool supports shared libraries
configure:11199: result: yes
configure:11202: checking whether to build shared libraries
configure:11223: result: yes
configure:11226: checking whether to build static libraries
configure:11230: result: yes
configure:11272: checking for stdlib.h
configure:11272: result: yes
configure:11288: checking for stdlib.h
configure:11288: result: yes
configure:11298: checking for GNU libc compatible malloc
configure:11322: gcc -o conftest -fPIC   conftest.c  >&5
configure:11322: $? = 0
configure:11322: ./conftest
configure:11322: $? = 0
configure:11332: result: yes
configure:11355: checking for strdup
configure:11355: gcc -o conftest -fPIC   conftest.c  >&5
conftest.c:49:6: warning: conflicting types for built-in function 'strdup' [enabled by default]
configure:11355: $? = 0
configure:11355: result: yes
configure:11501: creating ./config.status

## ---------------- ##
## Cache variables. ##
## ---------------- ##

ac_cv_build=x86_64-unknown-linux-gnu
ac_cv_c_compiler_gnu=yes
ac_cv_env_CC_set=
ac_cv_env_CC_value=
ac_cv_env_CFLAGS_set=set
ac_cv_env_CFLAGS_value=-fPIC
ac_cv_env_CPPFLAGS_set=
ac_cv_env_CPPFLAGS_value=
ac_cv_env_CPP_set=
ac_cv_env_CPP_value=
ac_cv_env_LDFLAGS_set=
ac_cv_env_LDFLAGS_value=
ac_cv_env_LIBS_set=
ac_cv_env_LIBS_value=
ac_cv_env_build_alias_set=
ac_cv_env_build_alias_value=
ac_cv_env_host_alias_set=
ac_cv_env_host_alias_value=
ac_cv_env_target_alias_set=
ac_cv_env_target_alias_value=
ac_cv_func_malloc_0_nonnull=yes
ac_cv_func_strdup=yes
ac_cv_header_dlfcn_h=yes
ac_cv_header_inttypes_h=yes
ac_cv_header_memory_h=yes
ac_cv_header_stdc=yes
ac_cv_header_stdint_h=yes
ac_cv_header_stdlib_h=yes
ac_cv_header_string_h=yes
ac_cv_header_strings_h=yes
ac_cv_header_sys_stat_h=yes
ac_cv_header_sys_types_h=yes
ac_cv_header_unistd_h=yes
ac_cv_host=x86_64-unknown-linux-gnu
ac_cv_objext=o
ac_cv_path_EGREP='/bin/grep -E'
ac_cv_path_FGREP='/bin/grep -F'
ac_cv_path_GREP=/bin/grep
ac_cv_path_SED=/bin/sed
ac_cv_path_install='/usr/bin/install -c'
ac_cv_path_mkdir=/bin/mkdir
ac_cv_prog_AWK=mawk
ac_cv_prog_CPP='gcc -E'
ac_cv_prog_ac_ct_AR=ar
ac_cv_prog_ac_ct_CC=gcc
ac_cv_prog_ac_ct_MANIFEST_TOOL=mt
ac_cv_prog_ac_ct_OBJDUMP=objdump
ac_cv_prog_ac_ct_RANLIB=ranlib
ac_cv_prog_ac_ct_STRIP=strip
ac_cv_prog_cc_c89=
ac_cv_prog_cc_g=yes
ac_cv_prog_make_make_set=yes
am_cv_CC_dependencies_compiler_type=gcc3
lt_cv_ar_at_file=@
lt_cv_archive_cmds_need_lc=no
lt_cv_deplibs_check_method=pass_all
lt_cv_file_magic_cmd='$MAGIC_CMD'
lt_cv_file_magic_test_file=
lt_cv_ld_reload_flag=-r
lt_cv_nm_interface='BSD nm'
lt_cv_objdir=.libs
lt_cv_path_LD=/usr/bin/ld
lt_cv_path_NM='/usr/bin/nm -B'
lt_cv_path_mainfest_tool=no
lt_cv_prog_compiler_c_o=yes
lt_cv_prog_compiler_pic='-fPIC -DPIC'
lt_cv_prog_compiler_pic_works=yes
lt_cv_prog_compiler_rtti_exceptions=no
lt_cv_prog_compiler_static_works=yes
lt_cv_prog_gnu_ld=yes
lt_cv_sharedlib_from_linklib_cmd='printf %s\n'
lt_cv_shlibpath_overrides_runpath=no
lt_cv_sys_global_symbol_pipe='sed -n -e '\''s/^.*[	 ]\([ABCDGIRSTW][ABCDGIRSTW]*\)[	 ][	 ]*\([_A-Za-z][_A-Za-z0-9]*\)$/\1 \2 \2/p'\'' | sed '\''/ __gnu_lto/d'\'''
lt_cv_sys_global_symbol_to_c_name_address='sed -n -e '\''s/^: \([^ ]*\)[ ]*$/  {\"\1\", (void *) 0},/p'\'' -e '\''s/^[ABCDGIRSTW]* \([^ ]*\) \([^ ]*\)$/  {"\2", (void *) \&\2},/p'\'''
lt_cv_sys_global_symbol_to_c_name_address_lib_prefix='sed -n -e '\''s/^: \([^ ]*\)[ ]*$/  {\"\1\", (void *) 0},/p'\'' -e '\''s/^[ABCDGIRSTW]* \([^ ]*\) \(lib[^ ]*\)$/  {"\2", (void *) \&\2},/p'\'' -e '\''s/^[ABCDGIRSTW]* \([^ ]*\) \([^ ]*\)$/  {"lib\2", (void *) \&\2},/p'\'''
lt_cv_sys_global_symbol_to_cdecl='sed -n -e '\''s/^T .* \(.*\)$/extern int \1();/p'\'' -e '\''s/^[ABCDGIRSTW]* .* \(.*\)$/extern char \1;/p'\'''
lt_cv_sys_max_cmd_len=3458764513820540925
lt_cv_to_host_file_cmd=func_convert_file_noop
lt_cv_to_tool_file_cmd=func_convert_file_noop

## ----------------- ##
## Output variables. ##
## ----------------- ##

ACLOCAL='${SHELL} /home/hf/harry.he/config_prase/lnt_config/missing --run aclocal-1.11'
AMDEPBACKSLASH='\'
AMDEP_FALSE='#'
AMDEP_TRUE=''
AMTAR='$${TAR-tar}'
AR='ar'
AUTOCONF='${SHELL} /home/hf/harry.he/config_prase/lnt_config/missing --run autoconf'
AUTOHEADER='${SHELL} /home/hf/harry.he/config_prase/lnt_config/missing --run autoheader'
AUTOMAKE='${SHELL} /home/hf/harry.he/config_prase/lnt_config/missing --run automake-1.11'
AWK='mawk'
CC='gcc'
CCDEPMODE='depmode=gcc3'
CFLAGS='-fPIC'
CPP='gcc -E'
CPPFLAGS=''
CYGPATH_W='echo'
DEFS='-DHAVE_CONFIG_H'
DEPDIR='.deps'
DLLTOOL='false'
DSYMUTIL=''
DUMPBIN=''
ECHO_C=''
ECHO_N='-n'
ECHO_T=''
EGREP='/bin/grep -E'
EXEEXT=''
FGREP='/bin/grep -F'
GREP='/bin/grep'
INSTALL_DATA='${INSTALL} -m 644'
INSTALL_PROGRAM='${INSTALL}'
INSTALL_SCRIPT='${INSTALL}'
INSTALL_STRIP_PROGRAM='$(install_sh) -c -s'
LD='/usr/bin/ld -m elf_x86_64'
LDFLAGS=''
LIBOBJS=''
LIBS=''
LIBTOOL='$(SHELL) $(top_builddir)/libtool'
LIPO=''
LN_S='ln -s'
LTLIBOBJS=''
MAKEINFO='${SHELL} /home/hf/harry.he/config_prase/lnt_config/missing --run makeinfo'
MANIFEST_TOOL=':'
MKDIR_P='/bin/mkdir -p'
NM='/usr/bin/nm -B'
NMEDIT=''
OBJDUMP='objdump'
OBJEXT='o'
OTOOL64=''
OTOOL=''
PACKAGE='lntconfig'
PACKAGE_BUGREPORT='fremaks@163.com'
PACKAGE_NAME='lntconfig'
PACKAGE_STRING='lntconfig 1.0'
PACKAGE_TARNAME='lntconfig'
PACKAGE_URL=''
PACKAGE_VERSION='1.0'
PATH_SEPARATOR=':'
RANLIB='ranlib'
SED='/bin/sed'
SET_MAKE=''
SHELL='/bin/bash'
STRIP='strip'
VERSION='1.0'
ac_ct_AR='ar'
ac_ct_CC='gcc'
ac_ct_DUMPBIN=''
am__EXEEXT_FALSE=''
am__EXEEXT_TRUE='#'
am__fastdepCC_FALSE='#'
am__fastdepCC_TRUE=''
am__include='include'
am__isrc=''
am__leading_dot='.'
am__nodep='_no'
am__quote=''
am__tar='$${TAR-tar} chof - "$$tardir"'
am__untar='$${TAR-tar} xf -'
bindir='${exec_prefix}/bin'
build='x86_64-unknown-linux-gnu'
build_alias=''
build_cpu='x86_64'
build_os='linux-gnu'
build_vendor='unknown'
datadir='${datarootdir}'
datarootdir='${prefix}/share'
docdir='${datarootdir}/doc/${PACKAGE_TARNAME}'
dvidir='${docdir}'
exec_prefix='${prefix}'
host='x86_64-unknown-linux-gnu'
host_alias=''
host_cpu='x86_64'
host_os='linux-gnu'
host_vendor='unknown'
htmldir='${docdir}'
includedir='${prefix}/include'
infodir='${datarootdir}/info'
install_sh='${SHELL} /home/hf/harry.he/config_prase/lnt_config/install-sh'
libdir='${exec_prefix}/lib'
libexecdir='${exec_prefix}/libexec'
localedir='${datarootdir}/locale'
localstatedir='${prefix}/var'
mandir='${datarootdir}/man'
mkdir_p='/bin/mkdir -p'
oldincludedir='/usr/include'
pdfdir='${docdir}'
prefix='/usr/local'
program_transform_name='s,x,x,'
psdir='${docdir}'
sbindir='${exec_prefix}/sbin'
sharedstatedir='${prefix}/com'
subdirs=' src/submodules/libconfig-1.5'
sysconfdir='${prefix}/etc'
target_alias=''

## ----------- ##
## confdefs.h. ##
## ----------- ##

/* confdefs.h */
#define PACKAGE_NAME "lntconfig"
#define PACKAGE_TARNAME "lntconfig"
#define PACKAGE_VERSION "1.0"
#define PACKAGE_STRING "lntconfig 1.0"
#define PACKAGE_BUGREPORT "fremaks@163.com"
#define PACKAGE_URL ""
#define PACKAGE "lntconfig"
#define VERSION "1.0"
#define STDC_HEADERS 1
#define HAVE_SYS_TYPES_H 1
#define HAVE_SYS_STAT_H 1
#define HAVE_STDLIB_H 1
#define HAVE_STRING_H 1
#define HAVE_MEMORY_H 1
#define HAVE_STRINGS_H 1
#define HAVE_INTTYPES_H 1
#define HAVE_STDINT_H 1
#define HAVE_UNISTD_H 1
#define HAVE_DLFCN_H 1
#define LT_OBJDIR ".libs/"
#define HAVE_STDLIB_H 1
#define HAVE_STDLIB_H 1
#define HAVE_MALLOC 1
#define HAVE_STRDUP 1

configure: exit 0

## ---------------------- ##
## Running config.status. ##
## ---------------------- ##

This file was extended by lntconfig config.status 1.0, which was
generated by GNU Autoconf 2.68.  Invocation command line was

  CONFIG_FILES    = 
  CONFIG_HEADERS  = 
  CONFIG_LINKS    = 
  CONFIG_COMMANDS = 
  $ ./config.status 

on lnt7

config.status:1096: creating Makefile
config.status:1096: creating src/Makefile
config.status:1096: creating src/submodules/Makefile
config.status:1096: creating tests/Makefile
config.status:1096: creating config.h
config.status:1277: config.h is unchanged
config.status:1325: executing depfiles commands
config.status:1325: executing libtool commands

## ---------------------- ##
## Running config.status. ##
## ---------------------- ##

This file was extended by lntconfig config.status 1.0, which was
generated by GNU Autoconf 2.68.  Invocation command line was

  CONFIG_FILES    = 
  CONFIG_HEADERS  = 
  CONFIG_LINKS    = 
  CONFIG_COMMANDS = 
  $ ./config.status config.h

on lnt7

config.status:1096: creating config.h
config.status:1277: config.h is unchanged
